<?xml version="1.0" encoding="UTF-8"?>
<testsuite xmlns:xsi="http://www.w3.org/2001/XMLSchema-instance" xsi:noNamespaceSchemaLocation="https://maven.apache.org/surefire/maven-surefire-plugin/xsd/surefire-test-report-3.0.xsd" version="3.0" name="com.example.soa.SoaApplicationTests" time="2.725" tests="1" errors="0" skipped="0" failures="0">
  <properties>
[...]
</properties>
  <testcase name="contextLoads" classname="com.example.soa.SoaApplicationTests" time="0.796">
    <system-out><![CDATA[23:39:49.014 [main] INFO org.springframework.test.context.support.AnnotationConfigContextLoaderUtils -- Could not detect default configuration classes for test class [com.example.soa.SoaApplicationTests]: SoaApplicationTests does not declare any static, non-private, non-final, nested classes annotated with @Configuration.
23:39:49.104 [main] INFO org.springframework.boot.test.context.SpringBootTestContextBootstrapper -- Found @SpringBootConfiguration com.example.soa.EmployeeManagementApplication for test class com.example.soa.SoaApplicationTests

  .   ____          _            __ _ _
 /\\ / ___'_ __ _ _(_)_ __  __ _ \ \ \ \
( ( )\___ | '_ | '_| | '_ \/ _` | \ \ \ \
 \\/  ___)| |_)| | | | | || (_| |  ) ) ) )
  '  |____| .__|_| |_|_| |_\__, | / / / /
 =========|_|==============|___/=/_/_/_/
 :: Spring Boot ::                (v3.2.0)

2023-12-16T23:39:49.538+02:00  INFO 31924 --- [           main] com.example.soa.SoaApplicationTests      : Starting SoaApplicationTests using Java 17.0.1 with PID 31924 (started by LENOVO in D:\WebProjects\employee_managment_system\backend)
2023-12-16T23:39:49.539+02:00  INFO 31924 --- [           main] com.example.soa.SoaApplicationTests      : No active profile set, falling back to 1 default profile: "default"
2023-12-16T23:39:50.722+02:00  WARN 31924 --- [           main] ion$DefaultTemplateResolverConfiguration : Cannot find template location: classpath:/templates/ (please add some templates, check your Thymeleaf configuration, or set spring.thymeleaf.check-template-location=false)
2023-12-16T23:39:50.777+02:00  INFO 31924 --- [           main] com.example.soa.SoaApplicationTests      : Started SoaApplicationTests in 1.512 seconds (process running for 2.412)
]]></system-out>
  </testcase>
</testsuite>